<?xml version="1.0" encoding="UTF-8"?>
<testsuite xmlns:xsi="http://www.w3.org/2001/XMLSchema-instance" xsi:noNamespaceSchemaLocation="https://maven.apache.org/surefire/maven-surefire-plugin/xsd/surefire-test-report-3.0.xsd" version="3.0" name="com.example.AppTest" time="0.023" tests="1" errors="0" skipped="0" failures="0">
  <properties>
    <property name="java.specification.version" value="21"/>
    <property name="sun.jnu.encoding" value="UTF-8"/>
    <property name="java.class.path" value="/home/hypnogen/Desktop/JAVAprojects/RusBooster/target/test-classes:/home/hypnogen/Desktop/JAVAprojects/RusBooster/target/classes:/home/hypnogen/.m2/repository/junit/junit/3.8.1/junit-3.8.1.jar:/home/hypnogen/.m2/repository/org/telegram/telegrambots/5.7.1/telegrambots-5.7.1.jar:/home/hypnogen/.m2/repository/org/telegram/telegrambots-meta/5.7.1/telegrambots-meta-5.7.1.jar:/home/hypnogen/.m2/repository/com/google/guava/guava/30.0-jre/guava-30.0-jre.jar:/home/hypnogen/.m2/repository/com/google/guava/failureaccess/1.0.1/failureaccess-1.0.1.jar:/home/hypnogen/.m2/repository/com/google/guava/listenablefuture/9999.0-empty-to-avoid-conflict-with-guava/listenablefuture-9999.0-empty-to-avoid-conflict-with-guava.jar:/home/hypnogen/.m2/repository/com/google/code/findbugs/jsr305/3.0.2/jsr305-3.0.2.jar:/home/hypnogen/.m2/repository/org/checkerframework/checker-qual/3.5.0/checker-qual-3.5.0.jar:/home/hypnogen/.m2/repository/com/google/errorprone/error_prone_annotations/2.3.4/error_prone_annotations-2.3.4.jar:/home/hypnogen/.m2/repository/com/google/j2objc/j2objc-annotations/1.3/j2objc-annotations-1.3.jar:/home/hypnogen/.m2/repository/com/fasterxml/jackson/core/jackson-annotations/2.13.0/jackson-annotations-2.13.0.jar:/home/hypnogen/.m2/repository/com/fasterxml/jackson/jaxrs/jackson-jaxrs-json-provider/2.13.0/jackson-jaxrs-json-provider-2.13.0.jar:/home/hypnogen/.m2/repository/com/fasterxml/jackson/jaxrs/jackson-jaxrs-base/2.13.0/jackson-jaxrs-base-2.13.0.jar:/home/hypnogen/.m2/repository/com/fasterxml/jackson/module/jackson-module-jaxb-annotations/2.13.0/jackson-module-jaxb-annotations-2.13.0.jar:/home/hypnogen/.m2/repository/jakarta/xml/bind/jakarta.xml.bind-api/2.3.3/jakarta.xml.bind-api-2.3.3.jar:/home/hypnogen/.m2/repository/org/glassfish/jersey/inject/jersey-hk2/2.32/jersey-hk2-2.32.jar:/home/hypnogen/.m2/repository/org/glassfish/jersey/core/jersey-common/2.32/jersey-common-2.32.jar:/home/hypnogen/.m2/repository/org/glassfish/hk2/osgi-resource-locator/1.0.3/osgi-resource-locator-1.0.3.jar:/home/hypnogen/.m2/repository/com/sun/activation/jakarta.activation/1.2.2/jakarta.activation-1.2.2.jar:/home/hypnogen/.m2/repository/org/glassfish/hk2/hk2-locator/2.6.1/hk2-locator-2.6.1.jar:/home/hypnogen/.m2/repository/org/glassfish/hk2/external/aopalliance-repackaged/2.6.1/aopalliance-repackaged-2.6.1.jar:/home/hypnogen/.m2/repository/org/glassfish/hk2/hk2-api/2.6.1/hk2-api-2.6.1.jar:/home/hypnogen/.m2/repository/org/glassfish/hk2/hk2-utils/2.6.1/hk2-utils-2.6.1.jar:/home/hypnogen/.m2/repository/org/javassist/javassist/3.25.0-GA/javassist-3.25.0-GA.jar:/home/hypnogen/.m2/repository/org/glassfish/jersey/media/jersey-media-json-jackson/2.32/jersey-media-json-jackson-2.32.jar:/home/hypnogen/.m2/repository/org/glassfish/jersey/ext/jersey-entity-filtering/2.32/jersey-entity-filtering-2.32.jar:/home/hypnogen/.m2/repository/org/glassfish/jersey/containers/jersey-container-grizzly2-http/2.32/jersey-container-grizzly2-http-2.32.jar:/home/hypnogen/.m2/repository/org/glassfish/hk2/external/jakarta.inject/2.6.1/jakarta.inject-2.6.1.jar:/home/hypnogen/.m2/repository/org/glassfish/grizzly/grizzly-http-server/2.4.4/grizzly-http-server-2.4.4.jar:/home/hypnogen/.m2/repository/org/glassfish/grizzly/grizzly-http/2.4.4/grizzly-http-2.4.4.jar:/home/hypnogen/.m2/repository/org/glassfish/grizzly/grizzly-framework/2.4.4/grizzly-framework-2.4.4.jar:/home/hypnogen/.m2/repository/jakarta/ws/rs/jakarta.ws.rs-api/2.1.6/jakarta.ws.rs-api-2.1.6.jar:/home/hypnogen/.m2/repository/org/glassfish/jersey/core/jersey-server/2.32/jersey-server-2.32.jar:/home/hypnogen/.m2/repository/org/glassfish/jersey/core/jersey-client/2.32/jersey-client-2.32.jar:/home/hypnogen/.m2/repository/org/glassfish/jersey/media/jersey-media-jaxb/2.32/jersey-media-jaxb-2.32.jar:/home/hypnogen/.m2/repository/jakarta/annotation/jakarta.annotation-api/1.3.5/jakarta.annotation-api-1.3.5.jar:/home/hypnogen/.m2/repository/jakarta/validation/jakarta.validation-api/2.0.2/jakarta.validation-api-2.0.2.jar:/home/hypnogen/.m2/repository/org/json/json/20180813/json-20180813.jar:/home/hypnogen/.m2/repository/org/apache/httpcomponents/httpclient/4.5.13/httpclient-4.5.13.jar:/home/hypnogen/.m2/repository/org/apache/httpcomponents/httpcore/4.4.13/httpcore-4.4.13.jar:/home/hypnogen/.m2/repository/commons-logging/commons-logging/1.2/commons-logging-1.2.jar:/home/hypnogen/.m2/repository/commons-codec/commons-codec/1.11/commons-codec-1.11.jar:/home/hypnogen/.m2/repository/org/apache/httpcomponents/httpmime/4.5.13/httpmime-4.5.13.jar:/home/hypnogen/.m2/repository/commons-io/commons-io/2.11.0/commons-io-2.11.0.jar:/home/hypnogen/.m2/repository/org/slf4j/slf4j-api/1.7.32/slf4j-api-1.7.32.jar:/home/hypnogen/.m2/repository/com/fasterxml/jackson/core/jackson-databind/2.14.0/jackson-databind-2.14.0.jar:/home/hypnogen/.m2/repository/com/fasterxml/jackson/core/jackson-core/2.14.0/jackson-core-2.14.0.jar:/home/hypnogen/.m2/repository/org/xerial/sqlite-jdbc/3.34.0/sqlite-jdbc-3.34.0.jar:"/>
    <property name="java.vm.vendor" value="Arch Linux"/>
    <property name="sun.arch.data.model" value="64"/>
    <property name="java.vendor.url" value="https://openjdk.org/"/>
    <property name="os.name" value="Linux"/>
    <property name="java.vm.specification.version" value="21"/>
    <property name="sun.java.launcher" value="SUN_STANDARD"/>
    <property name="user.country" value="US"/>
    <property name="sun.boot.library.path" value="/usr/lib/jvm/java-21-openjdk/lib"/>
    <property name="sun.java.command" value="/home/hypnogen/Desktop/JAVAprojects/RusBooster/target/surefire/surefirebooter-20241117020613903_3.jar /home/hypnogen/Desktop/JAVAprojects/RusBooster/target/surefire 2024-11-17T02-06-13_824-jvmRun1 surefire-20241117020613903_1tmp surefire_0-20241117020613903_2tmp"/>
    <property name="jdk.debug" value="release"/>
    <property name="surefire.test.class.path" value="/home/hypnogen/Desktop/JAVAprojects/RusBooster/target/test-classes:/home/hypnogen/Desktop/JAVAprojects/RusBooster/target/classes:/home/hypnogen/.m2/repository/junit/junit/3.8.1/junit-3.8.1.jar:/home/hypnogen/.m2/repository/org/telegram/telegrambots/5.7.1/telegrambots-5.7.1.jar:/home/hypnogen/.m2/repository/org/telegram/telegrambots-meta/5.7.1/telegrambots-meta-5.7.1.jar:/home/hypnogen/.m2/repository/com/google/guava/guava/30.0-jre/guava-30.0-jre.jar:/home/hypnogen/.m2/repository/com/google/guava/failureaccess/1.0.1/failureaccess-1.0.1.jar:/home/hypnogen/.m2/repository/com/google/guava/listenablefuture/9999.0-empty-to-avoid-conflict-with-guava/listenablefuture-9999.0-empty-to-avoid-conflict-with-guava.jar:/home/hypnogen/.m2/repository/com/google/code/findbugs/jsr305/3.0.2/jsr305-3.0.2.jar:/home/hypnogen/.m2/repository/org/checkerframework/checker-qual/3.5.0/checker-qual-3.5.0.jar:/home/hypnogen/.m2/repository/com/google/errorprone/error_prone_annotations/2.3.4/error_prone_annotations-2.3.4.jar:/home/hypnogen/.m2/repository/com/google/j2objc/j2objc-annotations/1.3/j2objc-annotations-1.3.jar:/home/hypnogen/.m2/repository/com/fasterxml/jackson/core/jackson-annotations/2.13.0/jackson-annotations-2.13.0.jar:/home/hypnogen/.m2/repository/com/fasterxml/jackson/jaxrs/jackson-jaxrs-json-provider/2.13.0/jackson-jaxrs-json-provider-2.13.0.jar:/home/hypnogen/.m2/repository/com/fasterxml/jackson/jaxrs/jackson-jaxrs-base/2.13.0/jackson-jaxrs-base-2.13.0.jar:/home/hypnogen/.m2/repository/com/fasterxml/jackson/module/jackson-module-jaxb-annotations/2.13.0/jackson-module-jaxb-annotations-2.13.0.jar:/home/hypnogen/.m2/repository/jakarta/xml/bind/jakarta.xml.bind-api/2.3.3/jakarta.xml.bind-api-2.3.3.jar:/home/hypnogen/.m2/repository/org/glassfish/jersey/inject/jersey-hk2/2.32/jersey-hk2-2.32.jar:/home/hypnogen/.m2/repository/org/glassfish/jersey/core/jersey-common/2.32/jersey-common-2.32.jar:/home/hypnogen/.m2/repository/org/glassfish/hk2/osgi-resource-locator/1.0.3/osgi-resource-locator-1.0.3.jar:/home/hypnogen/.m2/repository/com/sun/activation/jakarta.activation/1.2.2/jakarta.activation-1.2.2.jar:/home/hypnogen/.m2/repository/org/glassfish/hk2/hk2-locator/2.6.1/hk2-locator-2.6.1.jar:/home/hypnogen/.m2/repository/org/glassfish/hk2/external/aopalliance-repackaged/2.6.1/aopalliance-repackaged-2.6.1.jar:/home/hypnogen/.m2/repository/org/glassfish/hk2/hk2-api/2.6.1/hk2-api-2.6.1.jar:/home/hypnogen/.m2/repository/org/glassfish/hk2/hk2-utils/2.6.1/hk2-utils-2.6.1.jar:/home/hypnogen/.m2/repository/org/javassist/javassist/3.25.0-GA/javassist-3.25.0-GA.jar:/home/hypnogen/.m2/repository/org/glassfish/jersey/media/jersey-media-json-jackson/2.32/jersey-media-json-jackson-2.32.jar:/home/hypnogen/.m2/repository/org/glassfish/jersey/ext/jersey-entity-filtering/2.32/jersey-entity-filtering-2.32.jar:/home/hypnogen/.m2/repository/org/glassfish/jersey/containers/jersey-container-grizzly2-http/2.32/jersey-container-grizzly2-http-2.32.jar:/home/hypnogen/.m2/repository/org/glassfish/hk2/external/jakarta.inject/2.6.1/jakarta.inject-2.6.1.jar:/home/hypnogen/.m2/repository/org/glassfish/grizzly/grizzly-http-server/2.4.4/grizzly-http-server-2.4.4.jar:/home/hypnogen/.m2/repository/org/glassfish/grizzly/grizzly-http/2.4.4/grizzly-http-2.4.4.jar:/home/hypnogen/.m2/repository/org/glassfish/grizzly/grizzly-framework/2.4.4/grizzly-framework-2.4.4.jar:/home/hypnogen/.m2/repository/jakarta/ws/rs/jakarta.ws.rs-api/2.1.6/jakarta.ws.rs-api-2.1.6.jar:/home/hypnogen/.m2/repository/org/glassfish/jersey/core/jersey-server/2.32/jersey-server-2.32.jar:/home/hypnogen/.m2/repository/org/glassfish/jersey/core/jersey-client/2.32/jersey-client-2.32.jar:/home/hypnogen/.m2/repository/org/glassfish/jersey/media/jersey-media-jaxb/2.32/jersey-media-jaxb-2.32.jar:/home/hypnogen/.m2/repository/jakarta/annotation/jakarta.annotation-api/1.3.5/jakarta.annotation-api-1.3.5.jar:/home/hypnogen/.m2/repository/jakarta/validation/jakarta.validation-api/2.0.2/jakarta.validation-api-2.0.2.jar:/home/hypnogen/.m2/repository/org/json/json/20180813/json-20180813.jar:/home/hypnogen/.m2/repository/org/apache/httpcomponents/httpclient/4.5.13/httpclient-4.5.13.jar:/home/hypnogen/.m2/repository/org/apache/httpcomponents/httpcore/4.4.13/httpcore-4.4.13.jar:/home/hypnogen/.m2/repository/commons-logging/commons-logging/1.2/commons-logging-1.2.jar:/home/hypnogen/.m2/repository/commons-codec/commons-codec/1.11/commons-codec-1.11.jar:/home/hypnogen/.m2/repository/org/apache/httpcomponents/httpmime/4.5.13/httpmime-4.5.13.jar:/home/hypnogen/.m2/repository/commons-io/commons-io/2.11.0/commons-io-2.11.0.jar:/home/hypnogen/.m2/repository/org/slf4j/slf4j-api/1.7.32/slf4j-api-1.7.32.jar:/home/hypnogen/.m2/repository/com/fasterxml/jackson/core/jackson-databind/2.14.0/jackson-databind-2.14.0.jar:/home/hypnogen/.m2/repository/com/fasterxml/jackson/core/jackson-core/2.14.0/jackson-core-2.14.0.jar:/home/hypnogen/.m2/repository/org/xerial/sqlite-jdbc/3.34.0/sqlite-jdbc-3.34.0.jar:"/>
    <property name="sun.cpu.endian" value="little"/>
    <property name="user.home" value="/home/hypnogen"/>
    <property name="user.language" value="en"/>
    <property name="java.specification.vendor" value="Oracle Corporation"/>
    <property name="java.version.date" value="2024-10-15"/>
    <property name="java.home" value="/usr/lib/jvm/java-21-openjdk"/>
    <property name="file.separator" value="/"/>
    <property name="basedir" value="/home/hypnogen/Desktop/JAVAprojects/RusBooster"/>
    <property name="java.vm.compressedOopsMode" value="32-bit"/>
    <property name="line.separator" value="&#10;"/>
    <property name="java.specification.name" value="Java Platform API Specification"/>
    <property name="java.vm.specification.vendor" value="Oracle Corporation"/>
    <property name="surefire.real.class.path" value="/home/hypnogen/Desktop/JAVAprojects/RusBooster/target/surefire/surefirebooter-20241117020613903_3.jar"/>
    <property name="sun.management.compiler" value="HotSpot 64-Bit Tiered Compilers"/>
    <property name="java.runtime.version" value="21.0.5+11"/>
    <property name="user.name" value="hypnogen"/>
    <property name="stdout.encoding" value="UTF-8"/>
    <property name="path.separator" value=":"/>
    <property name="os.version" value="6.11.6-arch1-1"/>
    <property name="java.runtime.name" value="OpenJDK Runtime Environment"/>
    <property name="file.encoding" value="UTF-8"/>
    <property name="java.vm.name" value="OpenJDK 64-Bit Server VM"/>
    <property name="localRepository" value="/home/hypnogen/.m2/repository"/>
    <property name="java.vendor.url.bug" value="https://bugreport.java.com/bugreport/"/>
    <property name="java.io.tmpdir" value="/tmp"/>
    <property name="java.version" value="21.0.5"/>
    <property name="user.dir" value="/home/hypnogen/Desktop/JAVAprojects/RusBooster"/>
    <property name="os.arch" value="amd64"/>
    <property name="java.vm.specification.name" value="Java Virtual Machine Specification"/>
    <property name="native.encoding" value="UTF-8"/>
    <property name="java.library.path" value="/usr/java/packages/lib:/usr/lib64:/lib64:/lib:/usr/lib"/>
    <property name="java.vm.info" value="mixed mode, sharing"/>
    <property name="stderr.encoding" value="UTF-8"/>
    <property name="java.vendor" value="Arch Linux"/>
    <property name="java.vm.version" value="21.0.5+11"/>
    <property name="sun.io.unicode.encoding" value="UnicodeLittle"/>
    <property name="java.class.version" value="65.0"/>
  </properties>
  <testcase name="testApp" classname="com.example.AppTest" time="0.002"/>
</testsuite>